# Logfile created on 2014-01-25 10:58:37 +0100 by logger.rb/44203
I, [2014-01-25T10:58:37.973592 #2026]  INFO -- : 0:  rake (10.1.1) from /Users/Simone/.rbenv/versions/2.1.0/lib/ruby/gems/2.1.0/specifications/rake-10.1.1.gemspec
I, [2014-01-25T10:58:37.974160 #2026]  INFO -- : 0:  bundler (1.5.1) from /Users/Simone/.rbenv/versions/2.1.0/lib/ruby/gems/2.1.0/specifications/bundler-1.5.1.gemspec
I, [2014-01-25T11:06:48.519448 #2468]  INFO -- : 0:  rake (10.1.1) from /Users/Simone/.rbenv/versions/2.1.0/lib/ruby/gems/2.1.0/specifications/rake-10.1.1.gemspec
I, [2014-01-25T11:06:48.519986 #2468]  INFO -- : 0:  i18n (0.6.9) from /Users/Simone/.rbenv/versions/2.1.0/lib/ruby/gems/2.1.0/specifications/i18n-0.6.9.gemspec
I, [2014-01-25T11:06:48.520372 #2468]  INFO -- : 0:  multi_json (1.8.2) from /Users/Simone/.rbenv/versions/2.1.0/lib/ruby/gems/2.1.0/specifications/multi_json-1.8.2.gemspec
I, [2014-01-25T11:06:48.520758 #2468]  INFO -- : 0:  activesupport (3.2.16) from /Users/Simone/.rbenv/versions/2.1.0/lib/ruby/gems/2.1.0/specifications/activesupport-3.2.16.gemspec
I, [2014-01-25T11:06:48.521154 #2468]  INFO -- : 0:  claide (0.4.0) from /Users/Simone/.rbenv/versions/2.1.0/lib/ruby/gems/2.1.0/specifications/claide-0.4.0.gemspec
I, [2014-01-25T11:06:48.521535 #2468]  INFO -- : 0:  fuzzy_match (2.0.4) from /Users/Simone/.rbenv/versions/2.1.0/lib/ruby/gems/2.1.0/specifications/fuzzy_match-2.0.4.gemspec
I, [2014-01-25T11:06:48.521924 #2468]  INFO -- : 0:  json_pure (1.8.1) from /Users/Simone/.rbenv/versions/2.1.0/lib/ruby/gems/2.1.0/specifications/json_pure-1.8.1.gemspec
I, [2014-01-25T11:06:48.522315 #2468]  INFO -- : 0:  nap (0.6.0) from /Users/Simone/.rbenv/versions/2.1.0/lib/ruby/gems/2.1.0/specifications/nap-0.6.0.gemspec
I, [2014-01-25T11:06:48.522696 #2468]  INFO -- : 0:  cocoapods-core (0.29.0) from /Users/Simone/.rbenv/versions/2.1.0/lib/ruby/gems/2.1.0/specifications/cocoapods-core-0.29.0.gemspec
I, [2014-01-25T11:06:48.523117 #2468]  INFO -- : 0:  cocoapods-downloader (0.3.0) from /Users/Simone/.rbenv/versions/2.1.0/lib/ruby/gems/2.1.0/specifications/cocoapods-downloader-0.3.0.gemspec
I, [2014-01-25T11:06:48.523492 #2468]  INFO -- : 0:  cocoapods-try-release-fix (0.1.1) from /Users/Simone/.rbenv/versions/2.1.0/lib/ruby/gems/2.1.0/specifications/cocoapods-try-release-fix-0.1.1.gemspec
I, [2014-01-25T11:06:48.523878 #2468]  INFO -- : 0:  colored (1.2) from /Users/Simone/.rbenv/versions/2.1.0/lib/ruby/gems/2.1.0/specifications/colored-1.2.gemspec
I, [2014-01-25T11:06:48.524267 #2468]  INFO -- : 0:  escape (0.0.4) from /Users/Simone/.rbenv/versions/2.1.0/lib/ruby/gems/2.1.0/specifications/escape-0.0.4.gemspec
I, [2014-01-25T11:06:48.524637 #2468]  INFO -- : 0:  open4 (1.3.0) from /Users/Simone/.rbenv/versions/2.1.0/lib/ruby/gems/2.1.0/specifications/open4-1.3.0.gemspec
I, [2014-01-25T11:06:48.524990 #2468]  INFO -- : 0:  xcodeproj (0.14.1) from /Users/Simone/.rbenv/versions/2.1.0/lib/ruby/gems/2.1.0/specifications/xcodeproj-0.14.1.gemspec
I, [2014-01-25T11:06:48.525392 #2468]  INFO -- : 0:  cocoapods (0.29.0) from /Users/Simone/.rbenv/versions/2.1.0/lib/ruby/gems/2.1.0/specifications/cocoapods-0.29.0.gemspec
I, [2014-01-25T11:06:48.525774 #2468]  INFO -- : 0:  motion-cocoapods (1.4.0) from /Users/Simone/.rbenv/versions/2.1.0/lib/ruby/gems/2.1.0/specifications/motion-cocoapods-1.4.0.gemspec
I, [2014-01-25T11:06:48.526134 #2468]  INFO -- : 0:  motion-require (0.0.7) from /Users/Simone/.rbenv/versions/2.1.0/lib/ruby/gems/2.1.0/specifications/motion-require-0.0.7.gemspec
I, [2014-01-25T11:06:48.526518 #2468]  INFO -- : 0:  afmotion (2.0.0) from /Users/Simone/.rbenv/versions/2.1.0/lib/ruby/gems/2.1.0/specifications/afmotion-2.0.0.gemspec
I, [2014-01-25T11:06:48.526919 #2468]  INFO -- : 0:  bubble-wrap (1.3.0) from /Users/Simone/.rbenv/versions/2.1.0/lib/ruby/gems/2.1.0/specifications/bubble-wrap-1.3.0.gemspec
I, [2014-01-25T11:06:48.529627 #2468]  INFO -- : 0:  thor (0.18.1) from /Users/Simone/.rbenv/versions/2.1.0/lib/ruby/gems/2.1.0/specifications/thor-0.18.1.gemspec
I, [2014-01-25T11:06:48.530108 #2468]  INFO -- : 0:  tilt (2.0.0) from /Users/Simone/.rbenv/versions/2.1.0/lib/ruby/gems/2.1.0/specifications/tilt-2.0.0.gemspec
I, [2014-01-25T11:06:48.530521 #2468]  INFO -- : 0:  ib (0.4.3) from /Users/Simone/.rbenv/versions/2.1.0/lib/ruby/gems/2.1.0/specifications/ib-0.4.3.gemspec
I, [2014-01-25T11:06:48.530886 #2468]  INFO -- : 0:  sugarcube (1.3.11) from /Users/Simone/.rbenv/versions/2.1.0/lib/ruby/gems/2.1.0/specifications/sugarcube-1.3.11.gemspec
I, [2014-01-25T11:06:48.531230 #2468]  INFO -- : 0:  bundler (1.5.1) from /Users/Simone/.rbenv/versions/2.1.0/lib/ruby/gems/2.1.0/specifications/bundler-1.5.1.gemspec
I, [2014-01-25T11:07:08.934322 #2503]  INFO -- : 0:  rake (10.1.1) from /Users/Simone/.rbenv/versions/2.1.0/lib/ruby/gems/2.1.0/specifications/rake-10.1.1.gemspec
I, [2014-01-25T11:07:08.934966 #2503]  INFO -- : 0:  i18n (0.6.9) from /Users/Simone/.rbenv/versions/2.1.0/lib/ruby/gems/2.1.0/specifications/i18n-0.6.9.gemspec
I, [2014-01-25T11:07:10.421537 #2503]  INFO -- : 0:  multi_json (1.8.4) from /Users/Simone/.rbenv/versions/2.1.0/lib/ruby/gems/2.1.0/specifications/multi_json-1.8.4.gemspec
I, [2014-01-25T11:07:10.422025 #2503]  INFO -- : 0:  activesupport (3.2.16) from /Users/Simone/.rbenv/versions/2.1.0/lib/ruby/gems/2.1.0/specifications/activesupport-3.2.16.gemspec
I, [2014-01-25T11:07:10.422525 #2503]  INFO -- : 0:  claide (0.4.0) from /Users/Simone/.rbenv/versions/2.1.0/lib/ruby/gems/2.1.0/specifications/claide-0.4.0.gemspec
I, [2014-01-25T11:07:10.422895 #2503]  INFO -- : 0:  fuzzy_match (2.0.4) from /Users/Simone/.rbenv/versions/2.1.0/lib/ruby/gems/2.1.0/specifications/fuzzy_match-2.0.4.gemspec
I, [2014-01-25T11:07:10.423371 #2503]  INFO -- : 0:  json_pure (1.8.1) from /Users/Simone/.rbenv/versions/2.1.0/lib/ruby/gems/2.1.0/specifications/json_pure-1.8.1.gemspec
I, [2014-01-25T11:07:10.423744 #2503]  INFO -- : 0:  nap (0.6.0) from /Users/Simone/.rbenv/versions/2.1.0/lib/ruby/gems/2.1.0/specifications/nap-0.6.0.gemspec
I, [2014-01-25T11:07:10.424223 #2503]  INFO -- : 0:  cocoapods-core (0.29.0) from /Users/Simone/.rbenv/versions/2.1.0/lib/ruby/gems/2.1.0/specifications/cocoapods-core-0.29.0.gemspec
I, [2014-01-25T11:07:10.424551 #2503]  INFO -- : 0:  cocoapods-downloader (0.3.0) from /Users/Simone/.rbenv/versions/2.1.0/lib/ruby/gems/2.1.0/specifications/cocoapods-downloader-0.3.0.gemspec
I, [2014-01-25T11:07:10.424934 #2503]  INFO -- : 0:  cocoapods-try-release-fix (0.1.1) from /Users/Simone/.rbenv/versions/2.1.0/lib/ruby/gems/2.1.0/specifications/cocoapods-try-release-fix-0.1.1.gemspec
I, [2014-01-25T11:07:10.425275 #2503]  INFO -- : 0:  colored (1.2) from /Users/Simone/.rbenv/versions/2.1.0/lib/ruby/gems/2.1.0/specifications/colored-1.2.gemspec
I, [2014-01-25T11:07:10.425708 #2503]  INFO -- : 0:  escape (0.0.4) from /Users/Simone/.rbenv/versions/2.1.0/lib/ruby/gems/2.1.0/specifications/escape-0.0.4.gemspec
I, [2014-01-25T11:07:10.426046 #2503]  INFO -- : 0:  open4 (1.3.0) from /Users/Simone/.rbenv/versions/2.1.0/lib/ruby/gems/2.1.0/specifications/open4-1.3.0.gemspec
I, [2014-01-25T11:07:10.426471 #2503]  INFO -- : 0:  xcodeproj (0.14.1) from /Users/Simone/.rbenv/versions/2.1.0/lib/ruby/gems/2.1.0/specifications/xcodeproj-0.14.1.gemspec
I, [2014-01-25T11:07:10.426805 #2503]  INFO -- : 0:  cocoapods (0.29.0) from /Users/Simone/.rbenv/versions/2.1.0/lib/ruby/gems/2.1.0/specifications/cocoapods-0.29.0.gemspec
I, [2014-01-25T11:07:10.427244 #2503]  INFO -- : 0:  motion-cocoapods (1.4.0) from /Users/Simone/.rbenv/versions/2.1.0/lib/ruby/gems/2.1.0/specifications/motion-cocoapods-1.4.0.gemspec
I, [2014-01-25T11:07:10.427564 #2503]  INFO -- : 0:  motion-require (0.0.7) from /Users/Simone/.rbenv/versions/2.1.0/lib/ruby/gems/2.1.0/specifications/motion-require-0.0.7.gemspec
I, [2014-01-25T11:07:10.428010 #2503]  INFO -- : 0:  afmotion (2.0.0) from /Users/Simone/.rbenv/versions/2.1.0/lib/ruby/gems/2.1.0/specifications/afmotion-2.0.0.gemspec
I, [2014-01-25T11:07:10.428334 #2503]  INFO -- : 0:  bubble-wrap (1.3.0) from /Users/Simone/.rbenv/versions/2.1.0/lib/ruby/gems/2.1.0/specifications/bubble-wrap-1.3.0.gemspec
I, [2014-01-25T11:07:10.428823 #2503]  INFO -- : 0:  thor (0.18.1) from /Users/Simone/.rbenv/versions/2.1.0/lib/ruby/gems/2.1.0/specifications/thor-0.18.1.gemspec
I, [2014-01-25T11:07:10.429264 #2503]  INFO -- : 0:  tilt (2.0.0) from /Users/Simone/.rbenv/versions/2.1.0/lib/ruby/gems/2.1.0/specifications/tilt-2.0.0.gemspec
I, [2014-01-25T11:07:10.429749 #2503]  INFO -- : 0:  ib (0.4.3) from /Users/Simone/.rbenv/versions/2.1.0/lib/ruby/gems/2.1.0/specifications/ib-0.4.3.gemspec
I, [2014-01-25T11:07:12.347781 #2503]  INFO -- : 0:  sugarcube (1.4.1) from /Users/Simone/.rbenv/versions/2.1.0/lib/ruby/gems/2.1.0/specifications/sugarcube-1.4.1.gemspec
I, [2014-01-25T11:07:12.348222 #2503]  INFO -- : 0:  bundler (1.5.1) from /Users/Simone/.rbenv/versions/2.1.0/lib/ruby/gems/2.1.0/specifications/bundler-1.5.1.gemspec
